# JRE version: Java(TM) SE Runtime Environment (8.0_111-b14) (build 1.8.0_111-b14)
# Java VM: Java HotSpot(TM) 64-Bit Server VM (25.111-b14 mixed mode windows-amd64 compressed oops)
Heap:
 PSYoungGen      total 18944K, used 5409K [0x00000000eb200000, 0x00000000ec700000, 0x0000000100000000)
  eden space 16384K, 33% used [0x00000000eb200000,0x00000000eb748470,0x00000000ec200000)
  from space 2560K, 0% used [0x00000000ec200000,0x00000000ec200000,0x00000000ec480000)
  to   space 2560K, 0% used [0x00000000ec480000,0x00000000ec480000,0x00000000ec700000)
 ParOldGen       total 32256K, used 2494K [0x00000000c1600000, 0x00000000c3580000, 0x00000000eb200000)
  object space 32256K, 7% used [0x00000000c1600000,0x00000000c186faa0,0x00000000c3580000)
 Metaspace       used 14922K, capacity 15136K, committed 15488K, reserved 1062912K
  class space    used 1964K, capacity 2058K, committed 2176K, reserved 1048576K
GC Heap History (4 events):
Event: 2.603 GC heap before
{Heap before GC invocations=1 (full 0):
 PSYoungGen      total 18944K, used 8853K [0x00000000eb200000, 0x00000000ec700000, 0x0000000100000000)
  eden space 16384K, 54% used [0x00000000eb200000,0x00000000ebaa5638,0x00000000ec200000)
  from space 2560K, 0% used [0x00000000ec480000,0x00000000ec480000,0x00000000ec700000)
  to   space 2560K, 0% used [0x00000000ec200000,0x00000000ec200000,0x00000000ec480000)
 ParOldGen       total 44032K, used 0K [0x00000000c1600000, 0x00000000c4100000, 0x00000000eb200000)
  object space 44032K, 0% used [0x00000000c1600000,0x00000000c1600000,0x00000000c4100000)
 Metaspace       used 13078K, capacity 13258K, committed 13440K, reserved 1064960K
  class space    used 1725K, capacity 1797K, committed 1920K, reserved 1048576K
Event: 2.620 GC heap after
Heap after GC invocations=1 (full 0):
 PSYoungGen      total 18944K, used 2528K [0x00000000eb200000, 0x00000000ec700000, 0x0000000100000000)
  eden space 16384K, 0% used [0x00000000eb200000,0x00000000eb200000,0x00000000ec200000)
  from space 2560K, 98% used [0x00000000ec200000,0x00000000ec478020,0x00000000ec480000)
  to   space 2560K, 0% used [0x00000000ec480000,0x00000000ec480000,0x00000000ec700000)
 ParOldGen       total 44032K, used 32K [0x00000000c1600000, 0x00000000c4100000, 0x00000000eb200000)
  object space 44032K, 0% used [0x00000000c1600000,0x00000000c1608000,0x00000000c4100000)
 Metaspace       used 13078K, capacity 13258K, committed 13440K, reserved 1064960K
  class space    used 1725K, capacity 1797K, committed 1920K, reserved 1048576K
}
Event: 2.620 GC heap before
{Heap before GC invocations=2 (full 1):
 PSYoungGen      total 18944K, used 2528K [0x00000000eb200000, 0x00000000ec700000, 0x0000000100000000)
  eden space 16384K, 0% used [0x00000000eb200000,0x00000000eb200000,0x00000000ec200000)
  from space 2560K, 98% used [0x00000000ec200000,0x00000000ec478020,0x00000000ec480000)
  to   space 2560K, 0% used [0x00000000ec480000,0x00000000ec480000,0x00000000ec700000)
 ParOldGen       total 44032K, used 32K [0x00000000c1600000, 0x00000000c4100000, 0x00000000eb200000)
  object space 44032K, 0% used [0x00000000c1600000,0x00000000c1608000,0x00000000c4100000)
 Metaspace       used 13078K, capacity 13258K, committed 13440K, reserved 1064960K
  class space    used 1725K, capacity 1797K, committed 1920K, reserved 1048576K
Event: 2.686 GC heap after
Heap after GC invocations=2 (full 1):
 PSYoungGen      total 18944K, used 0K [0x00000000eb200000, 0x00000000ec700000, 0x0000000100000000)
  eden space 16384K, 0% used [0x00000000eb200000,0x00000000eb200000,0x00000000ec200000)
  from space 2560K, 0% used [0x00000000ec200000,0x00000000ec200000,0x00000000ec480000)
  to   space 2560K, 0% used [0x00000000ec480000,0x00000000ec480000,0x00000000ec700000)
 ParOldGen       total 32256K, used 2494K [0x00000000c1600000, 0x00000000c3580000, 0x00000000eb200000)
  object space 32256K, 7% used [0x00000000c1600000,0x00000000c186faa0,0x00000000c3580000)
 Metaspace       used 13078K, capacity 13258K, committed 13440K, reserved 1062912K
  class space    used 1725K, capacity 1797K, committed 1920K, reserved 1048576K
}

